{"numFailedTestSuites":0,"numFailedTests":0,"numPassedTestSuites":4,"numPassedTests":15,"numPendingTestSuites":0,"numPendingTests":0,"numRuntimeErrorTestSuites":0,"numTodoTests":0,"numTotalTestSuites":4,"numTotalTests":15,"openHandles":[],"snapshot":{"added":0,"didUpdate":false,"failure":false,"filesAdded":0,"filesRemoved":0,"filesRemovedList":[],"filesUnmatched":0,"filesUpdated":0,"matched":0,"total":0,"unchecked":0,"uncheckedKeysByFile":[],"unmatched":0,"updated":0},"startTime":1765716284422,"success":true,"testResults":[{"assertionResults":[{"ancestorTitles":["Sweets API"],"duration":1041,"failing":false,"failureDetails":[],"failureMessages":[],"fullName":"Sweets API should create a new sweet","invocations":1,"location":null,"numPassingAsserts":3,"retryReasons":[],"startAt":1765716286807,"status":"passed","title":"should create a new sweet"},{"ancestorTitles":["Sweets API"],"duration":478,"failing":false,"failureDetails":[],"failureMessages":[],"fullName":"Sweets API should return all sweets","invocations":1,"location":null,"numPassingAsserts":3,"retryReasons":[],"startAt":1765716287850,"status":"passed","title":"should return all sweets"},{"ancestorTitles":["Sweets API"],"duration":509,"failing":false,"failureDetails":[],"failureMessages":[],"fullName":"Sweets API should search sweets by name","invocations":1,"location":null,"numPassingAsserts":3,"retryReasons":[],"startAt":1765716288329,"status":"passed","title":"should search sweets by name"},{"ancestorTitles":["Sweets API"],"duration":561,"failing":false,"failureDetails":[],"failureMessages":[],"fullName":"Sweets API should search sweets by category","invocations":1,"location":null,"numPassingAsserts":3,"retryReasons":[],"startAt":1765716288839,"status":"passed","title":"should search sweets by category"},{"ancestorTitles":["Sweets API"],"duration":882,"failing":false,"failureDetails":[],"failureMessages":[],"fullName":"Sweets API should search sweets by price range","invocations":1,"location":null,"numPassingAsserts":3,"retryReasons":[],"startAt":1765716289401,"status":"passed","title":"should search sweets by price range"},{"ancestorTitles":["Sweets API"],"duration":413,"failing":false,"failureDetails":[],"failureMessages":[],"fullName":"Sweets API should update a sweet","invocations":1,"location":null,"numPassingAsserts":2,"retryReasons":[],"startAt":1765716290285,"status":"passed","title":"should update a sweet"},{"ancestorTitles":["Sweets API"],"duration":1175,"failing":false,"failureDetails":[],"failureMessages":[],"fullName":"Sweets API should delete a sweet","invocations":1,"location":null,"numPassingAsserts":2,"retryReasons":[],"startAt":1765716290701,"status":"passed","title":"should delete a sweet"},{"ancestorTitles":["Sweets API"],"duration":523,"failing":false,"failureDetails":[],"failureMessages":[],"fullName":"Sweets API should purchase a sweet and reduce quantity by 1","invocations":1,"location":null,"numPassingAsserts":2,"retryReasons":[],"startAt":1765716291878,"status":"passed","title":"should purchase a sweet and reduce quantity by 1"},{"ancestorTitles":["Sweets API"],"duration":503,"failing":false,"failureDetails":[],"failureMessages":[],"fullName":"Sweets API should restock a sweet and increase quantity by 1","invocations":1,"location":null,"numPassingAsserts":2,"retryReasons":[],"startAt":1765716292402,"status":"passed","title":"should restock a sweet and increase quantity by 1"}],"endTime":1765716292973,"message":"","name":"C:\\Users\\HP\\Desktop\\Codes\\sweet-shop-system\\backend\\src\\tests\\sweets.test.js","startTime":1765716284506,"status":"passed","summary":""},{"assertionResults":[{"ancestorTitles":["Auth API"],"duration":1474,"failing":false,"failureDetails":[],"failureMessages":[],"fullName":"Auth API should register a user","invocations":1,"location":null,"numPassingAsserts":2,"retryReasons":[],"startAt":1765716294529,"status":"passed","title":"should register a user"},{"ancestorTitles":["Auth API"],"duration":1027,"failing":false,"failureDetails":[],"failureMessages":[],"fullName":"Auth API should log in a user","invocations":1,"location":null,"numPassingAsserts":2,"retryReasons":[],"startAt":1765716296007,"status":"passed","title":"should log in a user"}],"endTime":1765716297086,"message":"","name":"C:\\Users\\HP\\Desktop\\Codes\\sweet-shop-system\\backend\\src\\tests\\auth.test.js","startTime":1765716293003,"status":"passed","summary":""},{"assertionResults":[{"ancestorTitles":["Auth Middleware"],"duration":869,"failing":false,"failureDetails":[],"failureMessages":[],"fullName":"Auth Middleware should deny access when no token is provided","invocations":1,"location":null,"numPassingAsserts":2,"retryReasons":[],"startAt":1765716298749,"status":"passed","title":"should deny access when no token is provided"},{"ancestorTitles":["Auth Middleware"],"duration":289,"failing":false,"failureDetails":[],"failureMessages":[],"fullName":"Auth Middleware should allow access when valid token is provided","invocations":1,"location":null,"numPassingAsserts":1,"retryReasons":[],"startAt":1765716299620,"status":"passed","title":"should allow access when valid token is provided"}],"endTime":1765716299969,"message":"","name":"C:\\Users\\HP\\Desktop\\Codes\\sweet-shop-system\\backend\\src\\tests\\auth.middleware.test.js","startTime":1765716297094,"status":"passed","summary":""},{"assertionResults":[{"ancestorTitles":["Admin Middleware"],"duration":922,"failing":false,"failureDetails":[],"failureMessages":[],"fullName":"Admin Middleware should deny access if user is not admin","invocations":1,"location":null,"numPassingAsserts":2,"retryReasons":[],"startAt":1765716301819,"status":"passed","title":"should deny access if user is not admin"},{"ancestorTitles":["Admin Middleware"],"duration":343,"failing":false,"failureDetails":[],"failureMessages":[],"fullName":"Admin Middleware should allow access if user is admin","invocations":1,"location":null,"numPassingAsserts":1,"retryReasons":[],"startAt":1765716302742,"status":"passed","title":"should allow access if user is admin"}],"endTime":1765716303157,"message":"","name":"C:\\Users\\HP\\Desktop\\Codes\\sweet-shop-system\\backend\\src\\tests\\admin.middleware.test.js","startTime":1765716299985,"status":"passed","summary":""}],"wasInterrupted":false}
